{"/mnt/c/Users/Viktor/ws/FWK22-group-2-Backend/server.js": {"path":"/mnt/c/Users/Viktor/ws/FWK22-group-2-Backend/server.js","statementMap":{"0":{"start":{"line":1,"column":16},"end":{"line":1,"column":34}},"1":{"start":{"line":2,"column":12},"end":{"line":2,"column":21}},"2":{"start":{"line":3,"column":0},"end":{"line":3,"column":24}},"3":{"start":{"line":5,"column":19},"end":{"line":5,"column":49}},"4":{"start":{"line":6,"column":0},"end":{"line":6,"column":33}},"5":{"start":{"line":9,"column":0},"end":{"line":9,"column":21}}},"fnMap":{},"branchMap":{},"s":{"0":1,"1":1,"2":1,"3":1,"4":1,"5":1},"f":{},"b":{},"_coverageSchema":"1a1c01bbd47fc00a2c39e90264f33305004495a9","hash":"2bc05b604864290a96d8122dca13b6947fafe1fb"}
,"/mnt/c/Users/Viktor/ws/FWK22-group-2-Backend/controllers/blog_controller.js": {"path":"/mnt/c/Users/Viktor/ws/FWK22-group-2-Backend/controllers/blog_controller.js","statementMap":{"0":{"start":{"line":1,"column":17},"end":{"line":4,"column":1}},"1":{"start":{"line":6,"column":23},"end":{"line":15,"column":1}},"2":{"start":{"line":7,"column":2},"end":{"line":14,"column":3}},"3":{"start":{"line":9,"column":4},"end":{"line":11,"column":7}},"4":{"start":{"line":13,"column":4},"end":{"line":13,"column":36}},"5":{"start":{"line":16,"column":20},"end":{"line":28,"column":1}},"6":{"start":{"line":17,"column":2},"end":{"line":27,"column":3}},"7":{"start":{"line":18,"column":23},"end":{"line":21,"column":6}},"8":{"start":{"line":23,"column":4},"end":{"line":23,"column":38}},"9":{"start":{"line":26,"column":4},"end":{"line":26,"column":36}},"10":{"start":{"line":30,"column":19},"end":{"line":36,"column":1}},"11":{"start":{"line":31,"column":2},"end":{"line":35,"column":3}},"12":{"start":{"line":32,"column":4},"end":{"line":32,"column":35}},"13":{"start":{"line":34,"column":4},"end":{"line":34,"column":36}},"14":{"start":{"line":38,"column":22},"end":{"line":44,"column":1}},"15":{"start":{"line":39,"column":3},"end":{"line":43,"column":3}},"16":{"start":{"line":40,"column":4},"end":{"line":40,"column":66}},"17":{"start":{"line":42,"column":4},"end":{"line":42,"column":36}},"18":{"start":{"line":46,"column":23},"end":{"line":56,"column":1}},"19":{"start":{"line":47,"column":3},"end":{"line":55,"column":3}},"20":{"start":{"line":48,"column":26},"end":{"line":51,"column":5}},"21":{"start":{"line":52,"column":4},"end":{"line":52,"column":29}},"22":{"start":{"line":54,"column":4},"end":{"line":54,"column":36}},"23":{"start":{"line":57,"column":0},"end":{"line":64,"column":2}}},"fnMap":{"0":{"name":"(anonymous_0)","decl":{"start":{"line":6,"column":23},"end":{"line":6,"column":24}},"loc":{"start":{"line":6,"column":43},"end":{"line":15,"column":1}},"line":6},"1":{"name":"(anonymous_1)","decl":{"start":{"line":16,"column":20},"end":{"line":16,"column":21}},"loc":{"start":{"line":16,"column":40},"end":{"line":28,"column":1}},"line":16},"2":{"name":"(anonymous_2)","decl":{"start":{"line":30,"column":19},"end":{"line":30,"column":20}},"loc":{"start":{"line":30,"column":39},"end":{"line":36,"column":1}},"line":30},"3":{"name":"(anonymous_3)","decl":{"start":{"line":38,"column":22},"end":{"line":38,"column":23}},"loc":{"start":{"line":38,"column":42},"end":{"line":44,"column":1}},"line":38},"4":{"name":"(anonymous_4)","decl":{"start":{"line":46,"column":23},"end":{"line":46,"column":24}},"loc":{"start":{"line":46,"column":43},"end":{"line":56,"column":1}},"line":46}},"branchMap":{},"s":{"0":1,"1":1,"2":0,"3":0,"4":0,"5":1,"6":0,"7":0,"8":0,"9":0,"10":1,"11":0,"12":0,"13":0,"14":1,"15":0,"16":0,"17":0,"18":1,"19":0,"20":0,"21":0,"22":0,"23":1},"f":{"0":0,"1":0,"2":0,"3":0,"4":0},"b":{},"_coverageSchema":"1a1c01bbd47fc00a2c39e90264f33305004495a9","hash":"8c9274b79a5ebcb58ab37a380d37e933ce4e9601"}
,"/mnt/c/Users/Viktor/ws/FWK22-group-2-Backend/domain/blog.js": {"path":"/mnt/c/Users/Viktor/ws/FWK22-group-2-Backend/domain/blog.js","statementMap":{},"fnMap":{},"branchMap":{},"s":{},"f":{},"b":{},"_coverageSchema":"1a1c01bbd47fc00a2c39e90264f33305004495a9","hash":"01863fca95980272ba7db10c5ac0507d423778f3"}
,"/mnt/c/Users/Viktor/ws/FWK22-group-2-Backend/routes/blog_route.js": {"path":"/mnt/c/Users/Viktor/ws/FWK22-group-2-Backend/routes/blog_route.js","statementMap":{"0":{"start":{"line":2,"column":16},"end":{"line":2,"column":34}},"1":{"start":{"line":3,"column":17},"end":{"line":3,"column":36}},"2":{"start":{"line":4,"column":20},"end":{"line":4,"column":61}},"3":{"start":{"line":5,"column":15},"end":{"line":5,"column":31}},"4":{"start":{"line":8,"column":0},"end":{"line":8,"column":44}},"5":{"start":{"line":9,"column":0},"end":{"line":9,"column":42}},"6":{"start":{"line":10,"column":0},"end":{"line":10,"column":47}},"7":{"start":{"line":11,"column":0},"end":{"line":11,"column":53}},"8":{"start":{"line":12,"column":0},"end":{"line":12,"column":53}},"9":{"start":{"line":15,"column":0},"end":{"line":15,"column":24}}},"fnMap":{},"branchMap":{},"s":{"0":1,"1":1,"2":1,"3":1,"4":1,"5":1,"6":1,"7":1,"8":1,"9":1},"f":{},"b":{},"_coverageSchema":"1a1c01bbd47fc00a2c39e90264f33305004495a9","hash":"b69a79b88786af40a27526f236c163bdfa2d603a"}
}
