TN:
SF:server.js
FNF:0
FNH:0
DA:1,1
DA:2,1
DA:3,1
DA:5,1
DA:6,1
DA:8,1
DA:9,1
DA:11,1
LF:8
LH:8
BRF:0
BRH:0
end_of_record
TN:
SF:controllers/blog_controller.js
FN:4,generateUniqueID
FN:18,(anonymous_1)
FN:30,(anonymous_2)
FN:57,(anonymous_3)
FN:63,(anonymous_4)
FN:73,(anonymous_5)
FN:79,(anonymous_6)
FN:89,(anonymous_7)
FN:97,(anonymous_8)
FNF:9
FNH:0
FNDA:0,generateUniqueID
FNDA:0,(anonymous_1)
FNDA:0,(anonymous_2)
FNDA:0,(anonymous_3)
FNDA:0,(anonymous_4)
FNDA:0,(anonymous_5)
FNDA:0,(anonymous_6)
FNDA:0,(anonymous_7)
FNDA:0,(anonymous_8)
DA:1,1
DA:2,1
DA:5,0
DA:6,0
DA:9,1
DA:18,1
DA:19,0
DA:20,0
DA:21,0
DA:22,0
DA:24,0
DA:30,1
DA:31,0
DA:33,0
DA:35,0
DA:36,0
DA:38,0
DA:45,0
DA:47,0
DA:49,0
DA:51,0
DA:57,1
DA:58,0
DA:59,0
DA:61,0
DA:62,0
DA:63,0
DA:65,0
DA:67,0
DA:73,1
DA:74,0
DA:75,0
DA:77,0
DA:78,0
DA:79,0
DA:80,0
DA:81,0
DA:83,0
DA:85,0
DA:89,1
DA:90,0
DA:92,0
DA:93,0
DA:95,0
DA:96,0
DA:97,0
DA:98,0
DA:99,0
DA:101,0
DA:103,0
DA:107,1
LF:51
LH:9
BRF:0
BRH:0
end_of_record
TN:
SF:routes/blog_route.js
FNF:0
FNH:0
DA:2,1
DA:3,1
DA:4,1
DA:5,1
DA:8,1
DA:9,1
DA:10,1
DA:11,1
DA:12,1
DA:15,1
LF:10
LH:10
BRF:0
BRH:0
end_of_record
